<?xml version="1.0" encoding="UTF-8"?>
<!-- Generated by org.testng.reporters.JUnitReportReporter -->
<testsuite hostname="BA-000095818" failures="0" tests="1" name="Academy.TitleVerification" time="0.128" errors="0" timestamp="2021-12-04T22:24:04 IST" skipped="0">
  <testcase classname="Academy.TitleVerification" name="basePageNavigation" time="0.128"/>
  <system-out/>
</testsuite> <!-- Academy.TitleVerification -->
