<?xml version="1.0" encoding="UTF-8"?>
<!-- Generated by org.testng.reporters.JUnitReportReporter -->
<testsuite hostname="BA-000095818" failures="0" tests="3" name="atulpracticecompany.tests.SubmitOrderTest" time="96.780" errors="0" timestamp="2023-01-26T02:29:45 EST" skipped="0">
  <testcase classname="atulpracticecompany.tests.SubmitOrderTest" name="orderHistory" time="7.086"/>
  <system-out/>
  <testcase classname="atulpracticecompany.tests.SubmitOrderTest" name="submitOrder" time="19.910"/>
  <system-out/>
  <testcase classname="atulpracticecompany.tests.SubmitOrderTest" name="submitOrder" time="69.784"/>
  <system-out/>
</testsuite> <!-- atulpracticecompany.tests.SubmitOrderTest -->
