<?xml version="1.0" encoding="UTF-8"?>
<!-- Generated by org.testng.reporters.JUnitReportReporter -->
<testsuite hostname="BA-000095818" failures="0" tests="1" name="atulpracticecompany.tests.ErrorValidation" time="8.352" errors="0" timestamp="2023-01-20T14:00:52 EST" skipped="0">
  <testcase classname="atulpracticecompany.tests.ErrorValidation" name="failLogin" time="8.352"/>
  <system-out/>
</testsuite> <!-- atulpracticecompany.tests.ErrorValidation -->
