<?xml version="1.0" encoding="UTF-8"?>
<!-- Generated by org.testng.reporters.JUnitReportReporter -->
<testsuite hostname="BA-000095818" failures="0" tests="1" name="test.day4" time="0.001" errors="0" timestamp="2021-10-19T20:14:31 PDT" skipped="0">
  <testcase classname="test.day4" name="webloginHomeLoan" time="0.001"/>
  <system-out/>
</testsuite> <!-- test.day4 -->
