<?xml version="1.0" encoding="UTF-8"?>
<!-- Generated by org.testng.reporters.JUnitReportReporter -->
<testsuite hostname="BA-000095818" failures="0" tests="2" name="test.day1" time="0.007" errors="0" timestamp="2021-10-19T20:14:31 PDT" skipped="0">
  <testcase classname="test.day1" name="demo" time="0.001"/>
  <system-out/>
  <testcase classname="test.day1" name="Secondtest" time="0.006"/>
  <system-out/>
</testsuite> <!-- test.day1 -->
