<?xml version="1.0" encoding="UTF-8"?>
<!-- Generated by org.testng.reporters.JUnitReportReporter -->
<testsuite hostname="BA-000095818" failures="0" tests="1" name="test.day2" time="0.002" errors="0" timestamp="2021-10-19T20:14:31 PDT" skipped="0">
  <testcase classname="test.day2" name="ThirdTest" time="0.002"/>
  <system-out/>
</testsuite> <!-- test.day2 -->
