<?xml version="1.0" encoding="UTF-8"?>
<!-- Generated by org.testng.reporters.JUnitReportReporter -->
<testsuite hostname="BA-000095818" failures="0" tests="4" name="test.day3" time="0.003" errors="0" timestamp="2021-10-19T20:14:31 PDT" skipped="1">
  <testcase classname="test.day3" name="apiLogin" time="0.001"/>
  <system-out/>
  <testcase classname="test.day3" name="apiLogin" time="0.001"/>
  <system-out/>
  <testcase classname="test.day3" name="apiLogin" time="0.001"/>
  <system-out/>
  <testcase classname="test.day3" name="mobilesignin">
    <skipped/>
  </testcase> <!-- mobilesignin -->
  <system-out/>
</testsuite> <!-- test.day3 -->
