<?xml version="1.0" encoding="UTF-8"?>
<!-- Generated by org.testng.reporters.JUnitReportReporter -->
<testsuite hostname="BA-000095818" failures="0" tests="1" name="automationpractice.LoginTest" time="17.615" errors="0" timestamp="2022-01-01T15:52:48 IST" skipped="0">
  <testcase classname="automationpractice.LoginTest" name="login_test" time="17.615"/>
  <system-out/>
</testsuite> <!-- automationpractice.LoginTest -->
