<?xml version="1.0" encoding="UTF-8"?>
<!-- Generated by org.testng.reporters.JUnitReportReporter -->
<testsuite hostname="BA-000095818" failures="0" tests="5" name="automationpractice.LandingPageTest" time="10.515" errors="0" timestamp="2022-01-01T22:36:17 IST" skipped="4">
  <testcase classname="automationpractice.LandingPageTest" name="footer_link" time="10.515"/>
  <system-out/>
  <testcase classname="automationpractice.LandingPageTest" name="signup">
    <skipped/>
  </testcase> <!-- signup -->
  <system-out/>
  <testcase classname="automationpractice.LandingPageTest" name="lp_Verify">
    <skipped/>
  </testcase> <!-- lp_Verify -->
  <system-out/>
  <testcase classname="automationpractice.LandingPageTest" name="linkCountVerificationTest">
    <skipped/>
  </testcase> <!-- linkCountVerificationTest -->
  <system-out/>
  <testcase classname="automationpractice.LandingPageTest" name="getTextOfLinks">
    <skipped/>
  </testcase> <!-- getTextOfLinks -->
  <system-out/>
</testsuite> <!-- automationpractice.LandingPageTest -->
