<?xml version="1.0" encoding="UTF-8"?>
<!-- Generated by org.testng.reporters.JUnitReportReporter -->
<testsuite hostname="BA-000095818" failures="0" tests="2" name="automationpractice.UserRegestration" time="19.582" errors="0" timestamp="2022-01-01T15:14:40 IST" skipped="1">
  <testcase classname="automationpractice.UserRegestration" name="createAccountTest" time="19.582"/>
  <system-out/>
  <testcase classname="automationpractice.UserRegestration" name="verifyElemntsOnRegPageTest">
    <skipped/>
  </testcase> <!-- verifyElemntsOnRegPageTest -->
  <system-out/>
</testsuite> <!-- automationpractice.UserRegestration -->
