<?xml version="1.0" encoding="UTF-8"?>
<!-- Generated by org.testng.reporters.JUnitReportReporter -->
<testsuite hostname="BA-000095818" failures="0" tests="3" name="atulpracticecompany.tests.SubmitOrderTest" time="101.919" errors="0" timestamp="2023-01-26T11:53:17 EST" skipped="0">
  <testcase classname="atulpracticecompany.tests.SubmitOrderTest" name="submitOrder" time="23.132"/>
  <system-out/>
  <testcase classname="atulpracticecompany.tests.SubmitOrderTest" name="orderHistory" time="9.725"/>
  <system-out/>
  <testcase classname="atulpracticecompany.tests.SubmitOrderTest" name="submitOrder" time="69.062"/>
  <system-out/>
</testsuite> <!-- atulpracticecompany.tests.SubmitOrderTest -->
