<?xml version="1.0" encoding="UTF-8"?>
<!-- Generated by org.testng.reporters.JUnitReportReporter -->
<testsuite hostname="BA-000095818" failures="0" tests="1" name="com.thvp.test.Login" time="46.523" errors="0" timestamp="2022-03-04T06:39:50 EST" skipped="0">
  <testcase classname="com.thvp.test.Login" name="loginTest" time="46.523"/>
  <system-out/>
</testsuite> <!-- com.thvp.test.Login -->
