<?xml version="1.0" encoding="UTF-8"?>
<!-- Generated by org.testng.reporters.JUnitReportReporter -->
<testsuite hostname="BA-000095818" failures="0" tests="1" name="Academy.navigationBarValidation" time="0.090" errors="0" timestamp="2022-02-20T17:24:29 IST" skipped="0">
  <testcase classname="Academy.navigationBarValidation" name="basePageNavigation" time="0.090"/>
  <system-out/>
</testsuite> <!-- Academy.navigationBarValidation -->
