<?xml version="1.0" encoding="UTF-8"?>
<!-- Generated by org.testng.reporters.JUnitReportReporter -->
<testsuite hostname="BA-000095818" failures="0" tests="3" name="Academy.Registration" time="43.140" errors="0" timestamp="2022-02-20T17:24:29 IST" skipped="0">
  <testcase classname="Academy.Registration" name="regPageNavigation" time="11.650"/>
  <system-out/>
  <testcase classname="Academy.Registration" name="reg" time="13.550"/>
  <system-out/>
  <testcase classname="Academy.Registration" name="linkVerification" time="17.940"/>
  <system-out/>
</testsuite> <!-- Academy.Registration -->
