<?xml version="1.0" encoding="UTF-8"?>
<!-- Generated by org.testng.reporters.JUnitReportReporter -->
<testsuite hostname="BA-000095818" failures="0" tests="2" name="Academy.TitleVerification" time="0.119" errors="0" timestamp="2022-02-20T17:24:29 IST" skipped="0">
  <testcase classname="Academy.TitleVerification" name="headerVerification" time="0.023"/>
  <system-out/>
  <testcase classname="Academy.TitleVerification" name="basePageNavigation" time="0.096"/>
  <system-out/>
</testsuite> <!-- Academy.TitleVerification -->
