<?xml version="1.0" encoding="UTF-8"?>
<!-- Generated by org.testng.reporters.JUnitReportReporter -->
<testsuite hostname="BA-000095818" failures="0" tests="2" name="Academy.HomePage" time="8.575" errors="0" timestamp="2022-02-20T17:24:29 IST" skipped="0">
  <testcase classname="Academy.HomePage" name="basePageNavigation" time="6.437"/>
  <system-out/>
  <testcase classname="Academy.HomePage" name="basePageNavigation" time="2.138"/>
  <system-out/>
</testsuite> <!-- Academy.HomePage -->
