<?xml version="1.0" encoding="UTF-8"?>
<!-- Generated by org.testng.reporters.JUnitReportReporter -->
<testsuite hostname="BA-000095818" failures="0" tests="2" name="com.thvp.test.TransferPrescription" time="33.961" errors="0" timestamp="2022-03-05T08:25:13 EST" skipped="1">
  <testcase classname="com.thvp.test.TransferPrescription" name="transfer_test2" time="33.961"/>
  <system-out/>
  <testcase classname="com.thvp.test.TransferPrescription" name="transfer_test1">
    <skipped/>
  </testcase> <!-- transfer_test1 -->
  <system-out/>
</testsuite> <!-- com.thvp.test.TransferPrescription -->
