<?xml version="1.0" encoding="UTF-8"?>
<!-- Generated by org.testng.reporters.JUnitReportReporter -->
<testsuite hostname="BA-000095818" failures="0" tests="1" name="TestCase.LoginApplication" time="7.266" errors="0" timestamp="2022-01-23T13:00:47 IST" skipped="0">
  <testcase classname="TestCase.LoginApplication" name="login" time="7.266"/>
  <system-out/>
</testsuite> <!-- TestCase.LoginApplication -->
