<?xml version="1.0" encoding="UTF-8"?>
<!-- Generated by org.testng.reporters.JUnitReportReporter -->
<testsuite hostname="BA-000095818" failures="0" tests="2" name="org.atulsharmaqaacademy.DemoTest" time="13.183" errors="0" timestamp="2022-03-20T00:51:53 EDT" skipped="0">
  <testcase classname="org.atulsharmaqaacademy.DemoTest" name="flightTest" time="5.832"/>
  <system-out/>
  <testcase classname="org.atulsharmaqaacademy.DemoTest" name="flightTest" time="7.351"/>
  <system-out/>
</testsuite> <!-- org.atulsharmaqaacademy.DemoTest -->
